<?xml version="1.0" encoding="UTF-8"?>
<testsuite xmlns:xsi="http://www.w3.org/2001/XMLSchema-instance" xsi:noNamespaceSchemaLocation="https://maven.apache.org/surefire/maven-surefire-plugin/xsd/surefire-test-report.xsd" name="GQTest" time="0.021" tests="22" errors="0" skipped="0" failures="0">
  <properties>
    <property name="java.specification.version" value="22"/>
    <property name="sun.jnu.encoding" value="UTF-8"/>
    <property name="java.class.path" value="/Users/balllerz21/eclipse-workspace/GLMaven_Project1_Fall2024/target/test-classes:/Users/balllerz21/eclipse-workspace/GLMaven_Project1_Fall2024/target/classes:/Users/balllerz21/.m2/repository/org/junit/jupiter/junit-jupiter/5.9.1/junit-jupiter-5.9.1.jar:/Users/balllerz21/.m2/repository/org/junit/jupiter/junit-jupiter-api/5.9.1/junit-jupiter-api-5.9.1.jar:/Users/balllerz21/.m2/repository/org/opentest4j/opentest4j/1.2.0/opentest4j-1.2.0.jar:/Users/balllerz21/.m2/repository/org/junit/platform/junit-platform-commons/1.9.1/junit-platform-commons-1.9.1.jar:/Users/balllerz21/.m2/repository/org/apiguardian/apiguardian-api/1.1.2/apiguardian-api-1.1.2.jar:/Users/balllerz21/.m2/repository/org/junit/jupiter/junit-jupiter-params/5.9.1/junit-jupiter-params-5.9.1.jar:/Users/balllerz21/.m2/repository/org/junit/jupiter/junit-jupiter-engine/5.9.1/junit-jupiter-engine-5.9.1.jar:/Users/balllerz21/.m2/repository/org/junit/platform/junit-platform-engine/1.9.1/junit-platform-engine-1.9.1.jar:"/>
    <property name="java.vm.vendor" value="Eclipse Adoptium"/>
    <property name="sun.arch.data.model" value="64"/>
    <property name="java.vendor.url" value="https://adoptium.net/"/>
    <property name="os.name" value="Mac OS X"/>
    <property name="java.vm.specification.version" value="22"/>
    <property name="sun.java.launcher" value="SUN_STANDARD"/>
    <property name="user.country" value="US"/>
    <property name="sun.boot.library.path" value="/Users/balllerz21/.p2/pool/plugins/org.eclipse.justj.openjdk.hotspot.jre.full.macosx.aarch64_22.0.2.v20240802-1626/jre/lib"/>
    <property name="sun.java.command" value="/Users/balllerz21/eclipse-workspace/GLMaven_Project1_Fall2024/target/surefire/surefirebooter11949100401876210110.jar /Users/balllerz21/eclipse-workspace/GLMaven_Project1_Fall2024/target/surefire 2024-10-14T03-55-29_297-jvmRun1 surefire12354297170226645951tmp surefire_0513919162428781050tmp"/>
    <property name="http.nonProxyHosts" value="local|*.local|169.254/16|*.169.254/16"/>
    <property name="jdk.debug" value="release"/>
    <property name="surefire.test.class.path" value="/Users/balllerz21/eclipse-workspace/GLMaven_Project1_Fall2024/target/test-classes:/Users/balllerz21/eclipse-workspace/GLMaven_Project1_Fall2024/target/classes:/Users/balllerz21/.m2/repository/org/junit/jupiter/junit-jupiter/5.9.1/junit-jupiter-5.9.1.jar:/Users/balllerz21/.m2/repository/org/junit/jupiter/junit-jupiter-api/5.9.1/junit-jupiter-api-5.9.1.jar:/Users/balllerz21/.m2/repository/org/opentest4j/opentest4j/1.2.0/opentest4j-1.2.0.jar:/Users/balllerz21/.m2/repository/org/junit/platform/junit-platform-commons/1.9.1/junit-platform-commons-1.9.1.jar:/Users/balllerz21/.m2/repository/org/apiguardian/apiguardian-api/1.1.2/apiguardian-api-1.1.2.jar:/Users/balllerz21/.m2/repository/org/junit/jupiter/junit-jupiter-params/5.9.1/junit-jupiter-params-5.9.1.jar:/Users/balllerz21/.m2/repository/org/junit/jupiter/junit-jupiter-engine/5.9.1/junit-jupiter-engine-5.9.1.jar:/Users/balllerz21/.m2/repository/org/junit/platform/junit-platform-engine/1.9.1/junit-platform-engine-1.9.1.jar:"/>
    <property name="sun.cpu.endian" value="little"/>
    <property name="user.home" value="/Users/balllerz21"/>
    <property name="user.language" value="en"/>
    <property name="java.specification.vendor" value="Oracle Corporation"/>
    <property name="java.version.date" value="2024-07-16"/>
    <property name="java.home" value="/Users/balllerz21/.p2/pool/plugins/org.eclipse.justj.openjdk.hotspot.jre.full.macosx.aarch64_22.0.2.v20240802-1626/jre"/>
    <property name="file.separator" value="/"/>
    <property name="basedir" value="/Users/balllerz21/eclipse-workspace/GLMaven_Project1_Fall2024"/>
    <property name="style.color" value="always"/>
    <property name="java.vm.compressedOopsMode" value="Zero based"/>
    <property name="line.separator" value="&#10;"/>
    <property name="java.vm.specification.vendor" value="Oracle Corporation"/>
    <property name="java.specification.name" value="Java Platform API Specification"/>
    <property name="apple.awt.application.name" value="ForkedBooter"/>
    <property name="surefire.real.class.path" value="/Users/balllerz21/eclipse-workspace/GLMaven_Project1_Fall2024/target/surefire/surefirebooter11949100401876210110.jar"/>
    <property name="sun.management.compiler" value="HotSpot 64-Bit Tiered Compilers"/>
    <property name="ftp.nonProxyHosts" value="local|*.local|169.254/16|*.169.254/16"/>
    <property name="java.runtime.version" value="22.0.2+9"/>
    <property name="user.name" value="balllerz21"/>
    <property name="stdout.encoding" value="UTF-8"/>
    <property name="path.separator" value=":"/>
    <property name="os.version" value="14.3"/>
    <property name="java.runtime.name" value="OpenJDK Runtime Environment"/>
    <property name="file.encoding" value="UTF-8"/>
    <property name="java.vm.name" value="OpenJDK 64-Bit Server VM"/>
    <property name="java.vendor.version" value="Temurin-22.0.2+9"/>
    <property name="localRepository" value="/Users/balllerz21/.m2/repository"/>
    <property name="java.vendor.url.bug" value="https://github.com/adoptium/adoptium-support/issues"/>
    <property name="java.io.tmpdir" value="/var/folders/tm/nhkjnn497ns96d08fh2zd95w0000gn/T/"/>
    <property name="java.version" value="22.0.2"/>
    <property name="user.dir" value="/Users/balllerz21/eclipse-workspace/GLMaven_Project1_Fall2024"/>
    <property name="os.arch" value="aarch64"/>
    <property name="java.vm.specification.name" value="Java Virtual Machine Specification"/>
    <property name="native.encoding" value="UTF-8"/>
    <property name="java.library.path" value="/Users/balllerz21/Library/Java/Extensions:/Library/Java/Extensions:/Network/Library/Java/Extensions:/System/Library/Java/Extensions:/usr/lib/java:."/>
    <property name="java.vm.info" value="mixed mode"/>
    <property name="stderr.encoding" value="UTF-8"/>
    <property name="java.vendor" value="Eclipse Adoptium"/>
    <property name="java.vm.version" value="22.0.2+9"/>
    <property name="sun.io.unicode.encoding" value="UnicodeBig"/>
    <property name="socksNonProxyHosts" value="local|*.local|169.254/16|*.169.254/16"/>
    <property name="java.class.version" value="66.0"/>
  </properties>
  <testcase name="nextIteratorIteratorTest" classname="GQTest" time="0"/>
  <testcase name="hasNextIteratorTest" classname="GQTest" time="0"/>
  <testcase name="printTest" classname="GQTest" time="0.001"/>
  <testcase name="DescendingIteratorTest" classname="GQTest" time="0"/>
  <testcase name="addTest2" classname="GQTest" time="0"/>
  <testcase name="addTest" classname="GQTest" time="0"/>
  <testcase name="nextTestDescendingIterator" classname="GQTest" time="0"/>
  <testcase name="SetTest" classname="GQTest" time="0"/>
  <testcase name="hasNextDescendingIteratorTest" classname="GQTest" time="0"/>
  <testcase name="iteratorTest{int}[1]" classname="GQTest" time="0.009"/>
  <testcase name="iteratorTest{int}[2]" classname="GQTest" time="0"/>
  <testcase name="iteratorTest{int}[3]" classname="GQTest" time="0"/>
  <testcase name="dequeueTest" classname="GQTest" time="0"/>
  <testcase name="dequeueTest2" classname="GQTest" time="0.001"/>
  <testcase name="dequeueTest3" classname="GQTest" time="0"/>
  <testcase name="DumpListTest" classname="GQTest" time="0"/>
  <testcase name="enqueueTest" classname="GQTest" time="0"/>
  <testcase name="ConstructorTest" classname="GQTest" time="0.001"/>
  <testcase name="GetTest" classname="GQTest" time="0"/>
  <testcase name="deleteTest" classname="GQTest" time="0"/>
  <testcase name="enqueueTest2" classname="GQTest" time="0"/>
  <testcase name="enqueueTest3" classname="GQTest" time="0"/>
</testsuite>